[INFO ]2022-02-09 00:47:44-my_logger-simulator.py-69   line : use cuda as device
[INFO ]2022-02-09 00:47:44-my_logger-dataset_helper.py-170  line : extracting .\data\MNIST\train-images-idx3-ubyte.gz
[INFO ]2022-02-09 00:47:44-my_logger-dataset_helper.py-44   line : load train_x,shape:(60000, 28, 28, 1)
[INFO ]2022-02-09 00:47:44-my_logger-dataset_helper.py-197  line : extracting .\data\MNIST\train-labels-idx1-ubyte.gz
[INFO ]2022-02-09 00:47:44-my_logger-dataset_helper.py-46   line : load train_y,shape:(60000, 10)
[INFO ]2022-02-09 00:47:44-my_logger-dataset_helper.py-170  line : extracting .\data\MNIST\t10k-images-idx3-ubyte.gz
[INFO ]2022-02-09 00:47:44-my_logger-dataset_helper.py-48   line : load test_x,shape:(10000, 28, 28, 1)
[INFO ]2022-02-09 00:47:44-my_logger-dataset_helper.py-197  line : extracting .\data\MNIST\t10k-labels-idx1-ubyte.gz
[INFO ]2022-02-09 00:47:44-my_logger-dataset_helper.py-50   line : load test_y,shape:(10000, 10)
[DEBUG]2022-02-09 00:47:44-my_logger-dataset_helper.py-58   line : after reshape,train_x's shape:(60000, 784),test_x's shape(10000, 784)
[DEBUG]2022-02-09 00:47:45-my_logger-clients.py-71   line : shards_id's shape:(200,),shard_size is 300
[INFO ]2022-02-09 00:47:45-my_logger-simulator.py-97   line : ---finish prepare work---
[DEBUG]2022-02-09 00:47:45-my_logger-simulator.py-102  line : tensor shape:torch.Size([32, 1, 5, 5]),size:torch.Size([32, 1, 5, 5])
[DEBUG]2022-02-09 00:47:47-my_logger-simulator.py-102  line : tensor shape:torch.Size([32]),size:torch.Size([32])
[DEBUG]2022-02-09 00:47:47-my_logger-simulator.py-102  line : tensor shape:torch.Size([64, 32, 5, 5]),size:torch.Size([64, 32, 5, 5])
[DEBUG]2022-02-09 00:47:47-my_logger-simulator.py-102  line : tensor shape:torch.Size([64]),size:torch.Size([64])
[DEBUG]2022-02-09 00:47:47-my_logger-simulator.py-102  line : tensor shape:torch.Size([512, 3136]),size:torch.Size([512, 3136])
[DEBUG]2022-02-09 00:47:47-my_logger-simulator.py-102  line : tensor shape:torch.Size([512]),size:torch.Size([512])
[DEBUG]2022-02-09 00:47:47-my_logger-simulator.py-102  line : tensor shape:torch.Size([10, 512]),size:torch.Size([10, 512])
[DEBUG]2022-02-09 00:47:47-my_logger-simulator.py-102  line : tensor shape:torch.Size([10]),size:torch.Size([10])
[INFO ]2022-02-09 00:47:47-my_logger-simulator.py-107  line : ---communicate round 1 start---
[INFO ]2022-02-09 00:47:57-my_logger-simulator.py-138  line : accuracy: 0.10100001096725464
[INFO ]2022-02-09 00:47:57-my_logger-simulator.py-107  line : ---communicate round 2 start---
[INFO ]2022-02-09 00:48:06-my_logger-simulator.py-138  line : accuracy: 0.08919999748468399
[INFO ]2022-02-09 00:48:06-my_logger-simulator.py-107  line : ---communicate round 3 start---
[INFO ]2022-02-09 00:48:14-my_logger-simulator.py-138  line : accuracy: 0.10319998860359192
[INFO ]2022-02-09 00:48:14-my_logger-simulator.py-107  line : ---communicate round 4 start---
[INFO ]2022-02-09 00:48:23-my_logger-simulator.py-138  line : accuracy: 0.21859996020793915
[INFO ]2022-02-09 00:48:23-my_logger-simulator.py-107  line : ---communicate round 5 start---
[INFO ]2022-02-09 00:48:32-my_logger-simulator.py-138  line : accuracy: 0.37029996514320374
[INFO ]2022-02-09 00:48:32-my_logger-simulator.py-107  line : ---communicate round 6 start---
[INFO ]2022-02-09 00:48:41-my_logger-simulator.py-138  line : accuracy: 0.3863999545574188
[INFO ]2022-02-09 00:48:41-my_logger-simulator.py-107  line : ---communicate round 7 start---
[INFO ]2022-02-09 00:48:50-my_logger-simulator.py-138  line : accuracy: 0.4994000494480133
[INFO ]2022-02-09 00:48:50-my_logger-simulator.py-107  line : ---communicate round 8 start---
[INFO ]2022-02-09 00:48:59-my_logger-simulator.py-138  line : accuracy: 0.41400009393692017
[INFO ]2022-02-09 00:48:59-my_logger-simulator.py-107  line : ---communicate round 9 start---
[INFO ]2022-02-09 00:49:08-my_logger-simulator.py-138  line : accuracy: 0.5635000467300415
[INFO ]2022-02-09 00:49:08-my_logger-simulator.py-107  line : ---communicate round 10 start---
[INFO ]2022-02-09 00:49:17-my_logger-simulator.py-138  line : accuracy: 0.6837000250816345
[INFO ]2022-02-09 00:49:17-my_logger-simulator.py-107  line : ---communicate round 11 start---
[INFO ]2022-02-09 00:49:26-my_logger-simulator.py-138  line : accuracy: 0.7070000171661377
[INFO ]2022-02-09 00:49:26-my_logger-simulator.py-107  line : ---communicate round 12 start---
[INFO ]2022-02-09 00:49:35-my_logger-simulator.py-138  line : accuracy: 0.7303000688552856
[INFO ]2022-02-09 00:49:35-my_logger-simulator.py-107  line : ---communicate round 13 start---
[INFO ]2022-02-09 00:49:44-my_logger-simulator.py-138  line : accuracy: 0.8401002287864685
[INFO ]2022-02-09 00:49:44-my_logger-simulator.py-107  line : ---communicate round 14 start---
[INFO ]2022-02-09 00:49:53-my_logger-simulator.py-138  line : accuracy: 0.6775999069213867
[INFO ]2022-02-09 00:49:53-my_logger-simulator.py-107  line : ---communicate round 15 start---
[INFO ]2022-02-09 00:50:02-my_logger-simulator.py-138  line : accuracy: 0.5843999981880188
[INFO ]2022-02-09 00:50:02-my_logger-simulator.py-107  line : ---communicate round 16 start---
[INFO ]2022-02-09 00:50:12-my_logger-simulator.py-138  line : accuracy: 0.7709000110626221
[INFO ]2022-02-09 00:50:12-my_logger-simulator.py-107  line : ---communicate round 17 start---
[INFO ]2022-02-09 00:50:21-my_logger-simulator.py-138  line : accuracy: 0.7498999834060669
[INFO ]2022-02-09 00:50:21-my_logger-simulator.py-107  line : ---communicate round 18 start---
[INFO ]2022-02-09 00:50:30-my_logger-simulator.py-138  line : accuracy: 0.8747999668121338
[INFO ]2022-02-09 00:50:30-my_logger-simulator.py-107  line : ---communicate round 19 start---
[INFO ]2022-02-09 00:50:39-my_logger-simulator.py-138  line : accuracy: 0.872400164604187
[INFO ]2022-02-09 00:50:39-my_logger-simulator.py-107  line : ---communicate round 20 start---
[INFO ]2022-02-09 00:50:48-my_logger-simulator.py-138  line : accuracy: 0.7870998978614807
[INFO ]2022-02-09 00:50:48-my_logger-simulator.py-107  line : ---communicate round 21 start---
[INFO ]2022-02-09 00:50:56-my_logger-simulator.py-138  line : accuracy: 0.7364001274108887
[INFO ]2022-02-09 00:50:56-my_logger-simulator.py-107  line : ---communicate round 22 start---
[INFO ]2022-02-09 00:51:05-my_logger-simulator.py-138  line : accuracy: 0.906399667263031
[INFO ]2022-02-09 00:51:05-my_logger-simulator.py-107  line : ---communicate round 23 start---
[INFO ]2022-02-09 00:51:14-my_logger-simulator.py-138  line : accuracy: 0.8547999262809753
[INFO ]2022-02-09 00:51:14-my_logger-simulator.py-107  line : ---communicate round 24 start---
[INFO ]2022-02-09 00:51:23-my_logger-simulator.py-138  line : accuracy: 0.8712000846862793
[INFO ]2022-02-09 00:51:23-my_logger-simulator.py-107  line : ---communicate round 25 start---
[INFO ]2022-02-09 00:51:32-my_logger-simulator.py-138  line : accuracy: 0.8753998875617981
[INFO ]2022-02-09 00:51:32-my_logger-simulator.py-107  line : ---communicate round 26 start---
[INFO ]2022-02-09 00:51:41-my_logger-simulator.py-138  line : accuracy: 0.8255999088287354
[INFO ]2022-02-09 00:51:41-my_logger-simulator.py-107  line : ---communicate round 27 start---
[INFO ]2022-02-09 00:51:50-my_logger-simulator.py-138  line : accuracy: 0.8894999027252197
[INFO ]2022-02-09 00:51:50-my_logger-simulator.py-107  line : ---communicate round 28 start---
[INFO ]2022-02-09 00:51:59-my_logger-simulator.py-138  line : accuracy: 0.8824000954627991
[INFO ]2022-02-09 00:51:59-my_logger-simulator.py-107  line : ---communicate round 29 start---
[INFO ]2022-02-09 00:52:08-my_logger-simulator.py-138  line : accuracy: 0.8027995824813843
[INFO ]2022-02-09 00:52:08-my_logger-simulator.py-107  line : ---communicate round 30 start---
[INFO ]2022-02-09 00:52:17-my_logger-simulator.py-138  line : accuracy: 0.8410999774932861
[INFO ]2022-02-09 00:52:17-my_logger-simulator.py-107  line : ---communicate round 31 start---
[INFO ]2022-02-09 00:52:26-my_logger-simulator.py-138  line : accuracy: 0.8931999802589417
[INFO ]2022-02-09 00:52:26-my_logger-simulator.py-107  line : ---communicate round 32 start---
[INFO ]2022-02-09 00:52:35-my_logger-simulator.py-138  line : accuracy: 0.9230000972747803
[INFO ]2022-02-09 00:52:35-my_logger-simulator.py-107  line : ---communicate round 33 start---
[INFO ]2022-02-09 00:52:43-my_logger-simulator.py-138  line : accuracy: 0.8948001861572266
[INFO ]2022-02-09 00:52:43-my_logger-simulator.py-107  line : ---communicate round 34 start---
[INFO ]2022-02-09 00:52:52-my_logger-simulator.py-138  line : accuracy: 0.9003997445106506
[INFO ]2022-02-09 00:52:52-my_logger-simulator.py-107  line : ---communicate round 35 start---
[INFO ]2022-02-09 00:53:01-my_logger-simulator.py-138  line : accuracy: 0.8614996671676636
[INFO ]2022-02-09 00:53:01-my_logger-simulator.py-107  line : ---communicate round 36 start---
[INFO ]2022-02-09 00:53:10-my_logger-simulator.py-138  line : accuracy: 0.7759000062942505
[INFO ]2022-02-09 00:53:10-my_logger-simulator.py-107  line : ---communicate round 37 start---
[INFO ]2022-02-09 00:53:19-my_logger-simulator.py-138  line : accuracy: 0.8710000514984131
[INFO ]2022-02-09 00:53:19-my_logger-simulator.py-107  line : ---communicate round 38 start---
[INFO ]2022-02-09 00:53:28-my_logger-simulator.py-138  line : accuracy: 0.8786999583244324
[INFO ]2022-02-09 00:53:28-my_logger-simulator.py-107  line : ---communicate round 39 start---
[INFO ]2022-02-09 00:53:36-my_logger-simulator.py-138  line : accuracy: 0.8662000298500061
[INFO ]2022-02-09 00:53:36-my_logger-simulator.py-107  line : ---communicate round 40 start---
[INFO ]2022-02-09 00:53:45-my_logger-simulator.py-138  line : accuracy: 0.9048998951911926
[INFO ]2022-02-09 00:53:45-my_logger-simulator.py-107  line : ---communicate round 41 start---
[INFO ]2022-02-09 00:53:54-my_logger-simulator.py-138  line : accuracy: 0.7969000935554504
[INFO ]2022-02-09 00:53:54-my_logger-simulator.py-107  line : ---communicate round 42 start---
[INFO ]2022-02-09 00:54:03-my_logger-simulator.py-138  line : accuracy: 0.8607998490333557
[INFO ]2022-02-09 00:54:03-my_logger-simulator.py-107  line : ---communicate round 43 start---
[INFO ]2022-02-09 00:54:12-my_logger-simulator.py-138  line : accuracy: 0.8865998387336731
[INFO ]2022-02-09 00:54:12-my_logger-simulator.py-107  line : ---communicate round 44 start---
[INFO ]2022-02-09 00:54:21-my_logger-simulator.py-138  line : accuracy: 0.8674997687339783
[INFO ]2022-02-09 00:54:21-my_logger-simulator.py-107  line : ---communicate round 45 start---
[INFO ]2022-02-09 00:54:29-my_logger-simulator.py-138  line : accuracy: 0.8783000707626343
[INFO ]2022-02-09 00:54:29-my_logger-simulator.py-107  line : ---communicate round 46 start---
[INFO ]2022-02-09 00:54:38-my_logger-simulator.py-138  line : accuracy: 0.8357002139091492
[INFO ]2022-02-09 00:54:38-my_logger-simulator.py-107  line : ---communicate round 47 start---
[INFO ]2022-02-09 00:54:47-my_logger-simulator.py-138  line : accuracy: 0.8065997958183289
[INFO ]2022-02-09 00:54:47-my_logger-simulator.py-107  line : ---communicate round 48 start---
[INFO ]2022-02-09 00:54:56-my_logger-simulator.py-138  line : accuracy: 0.8885000944137573
[INFO ]2022-02-09 00:54:56-my_logger-simulator.py-107  line : ---communicate round 49 start---
