[INFO ]2022-02-09 01:14:15-my_logger-simulator.py-71   line : use cpu as device
[INFO ]2022-02-09 01:14:15-my_logger-dataset_helper.py-170  line : extracting .\data\MNIST\train-images-idx3-ubyte.gz
[INFO ]2022-02-09 01:14:16-my_logger-dataset_helper.py-44   line : load train_x,shape:(60000, 28, 28, 1)
[INFO ]2022-02-09 01:14:16-my_logger-dataset_helper.py-197  line : extracting .\data\MNIST\train-labels-idx1-ubyte.gz
[INFO ]2022-02-09 01:14:16-my_logger-dataset_helper.py-46   line : load train_y,shape:(60000, 10)
[INFO ]2022-02-09 01:14:16-my_logger-dataset_helper.py-170  line : extracting .\data\MNIST\t10k-images-idx3-ubyte.gz
[INFO ]2022-02-09 01:14:16-my_logger-dataset_helper.py-48   line : load test_x,shape:(10000, 28, 28, 1)
[INFO ]2022-02-09 01:14:16-my_logger-dataset_helper.py-197  line : extracting .\data\MNIST\t10k-labels-idx1-ubyte.gz
[INFO ]2022-02-09 01:14:16-my_logger-dataset_helper.py-50   line : load test_y,shape:(10000, 10)
[DEBUG]2022-02-09 01:14:16-my_logger-dataset_helper.py-58   line : after reshape,train_x's shape:(60000, 784),test_x's shape(10000, 784)
[DEBUG]2022-02-09 01:14:16-my_logger-clients.py-71   line : shards_id's shape:(2000,),shard_size is 30
[INFO ]2022-02-09 01:14:16-my_logger-simulator.py-97   line : ---finish prepare work---
[DEBUG]2022-02-09 01:14:16-my_logger-simulator.py-102  line : tensor shape:torch.Size([32, 1, 5, 5]),size:torch.Size([32, 1, 5, 5])
[DEBUG]2022-02-09 01:14:16-my_logger-simulator.py-102  line : tensor shape:torch.Size([32]),size:torch.Size([32])
[DEBUG]2022-02-09 01:14:16-my_logger-simulator.py-102  line : tensor shape:torch.Size([64, 32, 5, 5]),size:torch.Size([64, 32, 5, 5])
[DEBUG]2022-02-09 01:14:16-my_logger-simulator.py-102  line : tensor shape:torch.Size([64]),size:torch.Size([64])
[DEBUG]2022-02-09 01:14:16-my_logger-simulator.py-102  line : tensor shape:torch.Size([512, 3136]),size:torch.Size([512, 3136])
[DEBUG]2022-02-09 01:14:16-my_logger-simulator.py-102  line : tensor shape:torch.Size([512]),size:torch.Size([512])
[DEBUG]2022-02-09 01:14:16-my_logger-simulator.py-102  line : tensor shape:torch.Size([10, 512]),size:torch.Size([10, 512])
[DEBUG]2022-02-09 01:14:16-my_logger-simulator.py-102  line : tensor shape:torch.Size([10]),size:torch.Size([10])
[INFO ]2022-02-09 01:14:16-my_logger-simulator.py-107  line : ---communicate round 1 start---
[INFO ]2022-02-09 01:15:19-my_logger-simulator.py-138  line : accuracy: 0.2387000024318695
[INFO ]2022-02-09 01:15:19-my_logger-simulator.py-107  line : ---communicate round 2 start---
